20231022	17:46:09	345b8de8-33b0-405e-b8a0-1969bea4c51f	GET	http://localhost:5173	/servicespublic/services-with-users

20231023	12:01:29	5942a958-31c4-4c71-a309-3af5b7bd360c	GET	http://localhost:5173	/servicespublic/services-with-users
20231023	12:01:30	bc4b653c-a830-4709-8490-c335feba4016	GET	http://localhost:5173	/servicespublic/services-with-users
20231023	12:01:30	f08d1922-7e63-4a7f-916e-a108af78ca7e	GET	undefined	/uploads/services/1697908469747-416943923.jpg
20231023	12:01:30	62967cfc-7d55-42f1-9d89-4deccb080b39	GET	undefined	/uploads/services/1697908612828-224155953.jpg
20231023	12:01:30	c521b62c-6556-40d6-8d73-b32438006ac8	GET	undefined	/uploads/services/1697930040669-243278798.jpg
20231023	12:01:30	50662f5b-c0c0-4931-ad7d-2160c830d074	GET	undefined	/uploads/services/1697930268305-305433293.jpg
20231023	12:01:30	ebf636cb-b88c-4e53-af7c-968e815a3ce0	GET	undefined	/uploads/services/1697973112592-585715094.jpg
20231023	12:01:30	f740324a-17cb-4e00-acc3-5d9068c0ca7f	GET	undefined	/uploads/services/1697973211724-993829121.jpg
20231023	12:01:36	1c35cef7-7deb-4d86-964d-aae89e620571	GET	http://localhost:5173	/servicespublic/services-with-users
20231023	12:01:37	b17a03fc-88a2-4044-b8cd-7fb0ec7b3fba	GET	http://localhost:5173	/servicespublic/services-with-users
20231023	12:01:38	3e0956e6-2433-40aa-b5e0-0780eb209e76	GET	http://localhost:5173	/servicespublic/services-with-users/6534078568b5d7d489db1bc0
20231023	12:01:39	da108361-cecf-4700-9dbe-60131bae42e8	GET	http://localhost:5173	/servicespublic/services-with-users/6534078568b5d7d489db1bc0
20231023	12:01:53	65785042-98f7-4d12-b056-d3c8d58bf68f	GET	http://localhost:5173	/servicespublic/services-with-users/6534078568b5d7d489db1bc0
20231023	12:01:53	b42a0293-f731-4e8b-935e-0f0a4c1b7189	GET	http://localhost:5173	/servicespublic/services-with-users/6534078568b5d7d489db1bc0
20231023	12:01:53	c8a006c3-f602-493a-90e2-274d7719c194	GET	undefined	/uploads/services/1697908612828-224155953.jpg
20231023	12:10:51	de4c4ffd-44fe-47f4-97e8-564ae349fe38	GET	http://localhost:5173	/servicespublic/services-with-users/6534078568b5d7d489db1bc0
20231023	12:11:59	6e8a3697-c6b6-465b-a652-dba03bb5c1a5	GET	http://localhost:5173	/servicespublic/services-with-users/6534078568b5d7d489db1bc0
20231023	12:13:36	2491760a-a528-4dac-b3f6-6ff0bbea4a44	GET	http://localhost:5173	/servicespublic/services-with-users/6534078568b5d7d489db1bc0
20231023	12:14:06	41d2aaed-1309-4c8a-a05d-1d1b0c7f1ca7	GET	http://localhost:5173	/servicespublic/services-with-users/6534078568b5d7d489db1bc0
20231023	12:14:47	42f84c8b-ccdc-47e1-8584-1721f857b82b	GET	http://localhost:5173	/servicespublic/services-with-users/6534078568b5d7d489db1bc0
20231023	12:14:59	b897b1e8-5c1b-4400-a475-df79169142ca	GET	http://localhost:5173	/servicespublic/services-with-users/6534078568b5d7d489db1bc0
20231023	12:15:08	acac11a1-43db-4cc7-b893-b5fe580e297a	GET	http://localhost:5173	/servicespublic/services-with-users/6534078568b5d7d489db1bc0
20231023	12:15:25	f28edfd0-e00d-4bc1-a7e9-3b9f11aee04a	GET	http://localhost:5173	/servicespublic/services-with-users/6534078568b5d7d489db1bc0
20231023	12:15:39	d7654888-06fd-4d27-abe7-38e9df8f1a90	GET	http://localhost:5173	/servicespublic/services-with-users/6534078568b5d7d489db1bc0
20231023	12:33:44	07f381e2-f6d1-4ef5-8026-3193354a9d56	GET	http://localhost:5173	/servicespublic/services-with-users/6534078568b5d7d489db1bc0
20231023	12:40:17	96b4b8f2-0859-48b2-87b6-3bf5bdd49700	GET	http://localhost:5173	/servicespublic/services-with-users/6534078568b5d7d489db1bc0
20231023	12:40:40	452a4276-c215-459d-bb6b-11e2a820d1ac	GET	http://localhost:5173	/servicespublic/services-with-users/6534078568b5d7d489db1bc0
20231023	12:40:53	6ac042de-f2d5-48a6-ad47-0623858e8b43	GET	http://localhost:5173	/servicespublic/services-with-users/6534078568b5d7d489db1bc0
20231023	12:41:09	512e3e90-01fc-43c4-8621-18c691f674f9	GET	http://localhost:5173	/servicespublic/services-with-users/6534078568b5d7d489db1bc0
20231023	12:41:16	d1dbbbd2-d3eb-47df-9261-8f144290eaa4	GET	http://localhost:5173	/servicespublic/services-with-users/6534078568b5d7d489db1bc0
20231023	12:41:30	7d1f23ae-88fd-456f-ac87-14d22fafcee0	GET	http://localhost:5173	/servicespublic/services-with-users/6534078568b5d7d489db1bc0
20231023	12:41:37	23f63489-83bc-4623-bf19-2e577ec04f9c	GET	http://localhost:5173	/servicespublic/services-with-users/6534078568b5d7d489db1bc0
20231023	12:41:57	be3c561f-0f42-402c-bc6f-3b9eacba62e7	GET	http://localhost:5173	/servicespublic/services-with-users/6534078568b5d7d489db1bc0
20231023	12:42:13	861a4317-cc0b-4bf4-b7df-3bb90972bfa3	GET	http://localhost:5173	/servicespublic/services-with-users/6534078568b5d7d489db1bc0
20231023	12:43:45	13ca76f8-3639-436e-9c8f-51deb5017a7c	GET	http://localhost:5173	/servicespublic/services-with-users
20231023	12:43:45	aa5190a5-351b-4915-bed5-284585523982	GET	http://localhost:5173	/servicespublic/services-with-users
20231023	12:43:45	14c7dd6b-0a6b-4f36-b280-4e9f0d36b561	GET	undefined	/uploads/services/1697908469747-416943923.jpg
20231023	12:43:45	1b4c54d5-7159-4b8c-abbe-4b4860e22297	GET	undefined	/uploads/services/1697908612828-224155953.jpg
20231023	12:43:45	bb6cf4ea-1e4e-4814-9116-0fc85c2babe3	GET	undefined	/uploads/services/1697930040669-243278798.jpg
20231023	12:43:45	b672b2fb-296e-422d-8bc8-fec5b6288d91	GET	undefined	/uploads/services/1697930268305-305433293.jpg
20231023	12:43:45	b9d6f376-e607-46d3-a843-3ac3224efcc6	GET	undefined	/uploads/services/1697973112592-585715094.jpg
20231023	12:43:45	12180816-c996-47f1-8e4c-ddf7eb2eca11	GET	undefined	/uploads/services/1697973211724-993829121.jpg
20231023	12:43:49	fe5de7fd-4615-44fd-b84c-4376284f38bf	GET	http://localhost:5173	/servicespublic/services-with-users/65345c1c0653aaa2aa5a26b8
20231023	12:43:49	34c2d33d-8695-4a7f-8a4e-3bdfcf0f66b4	GET	http://localhost:5173	/servicespublic/services-with-users/65345c1c0653aaa2aa5a26b8
20231023	12:55:12	65e948e5-9d09-4cd9-bd04-d6c60d5fe704	OPTIONS	http://localhost:5173	/login
20231023	12:55:12	99a958db-3e97-480f-a3cb-a5e8518a6709	POST	http://localhost:5173	/login
20231023	12:55:13	6845b36c-cf80-4cc4-a30e-f60f9695703e	OPTIONS	http://localhost:5173	/users/653405d368b5d7d489db1bbe
20231023	12:55:13	0aa9c176-2a14-48c6-b9a0-cf2390a7f129	GET	http://localhost:5173	/users/653405d368b5d7d489db1bbe
20231023	12:56:20	c9f6b09f-1d12-4886-acf6-ec0387389ca5	OPTIONS	http://localhost:5173	/users/653405d368b5d7d489db1bbe
20231023	12:56:20	00566f9c-35fb-4af1-b610-e22d42eb09b4	OPTIONS	http://localhost:5173	/users/653405d368b5d7d489db1bbe
20231023	12:56:20	bc6fd2d2-8958-4d3d-94af-15c6fab43ea9	GET	http://localhost:5173	/users/653405d368b5d7d489db1bbe
20231023	12:56:20	bfa0ff9d-5b59-4706-a17f-85f890e2cd1e	GET	http://localhost:5173	/users/653405d368b5d7d489db1bbe
20231023	13:04:28	c5220d94-4ad8-4a90-a927-91c7c61f0e4a	OPTIONS	http://localhost:5173	/users/653405d368b5d7d489db1bbe
20231023	13:04:28	8b56d815-5d2b-4e2a-93ec-b4c96bf5b6fa	OPTIONS	http://localhost:5173	/users/653405d368b5d7d489db1bbe
20231023	13:04:28	21ddad22-648b-43e3-a218-4e4435e3114d	GET	http://localhost:5173	/users/653405d368b5d7d489db1bbe
20231023	13:04:28	3552a369-21f0-4c82-ba19-892cbd87bbfe	GET	http://localhost:5173	/users/653405d368b5d7d489db1bbe
20231023	13:04:34	c94bf6eb-013c-441d-8326-ccc1230e1184	OPTIONS	http://localhost:5173	/users/653405d368b5d7d489db1bbe
20231023	13:04:34	633346af-4138-4710-bcb3-26290e35eb93	OPTIONS	http://localhost:5173	/users/653405d368b5d7d489db1bbe
20231023	13:04:34	c8279bf7-29d1-4a78-a92e-5ab2ddbe0139	OPTIONS	http://localhost:5173	/jobs
20231023	13:04:34	58c10f69-cd72-429f-8d31-8c75beeb6128	OPTIONS	http://localhost:5173	/jobs
20231023	13:04:34	44914add-2064-4a2b-b7fb-8d3df1afe10e	GET	http://localhost:5173	/jobs
20231023	13:04:34	78035cbc-1c4f-44fe-bef1-368bfbfcbc93	GET	http://localhost:5173	/users/653405d368b5d7d489db1bbe
20231023	13:04:34	a2496263-5e31-4dd7-b947-e0fb7a7a3098	GET	http://localhost:5173	/users/653405d368b5d7d489db1bbe
20231023	13:04:34	02c218e3-e8af-4264-b2aa-7ead2e827582	GET	http://localhost:5173	/jobs
20231023	13:04:34	b2d6b847-e579-448e-ab2d-7e2134d8e4a3	GET	http://localhost:5173	/users/653405d368b5d7d489db1bbe
20231023	13:04:34	75125a7a-0101-408f-b6aa-edd2a0c2d822	GET	http://localhost:5173	/jobs
20231023	13:04:35	99e6f7a8-2070-4edf-8df6-a811c7416c78	GET	http://localhost:5173	/users/653405d368b5d7d489db1bbe
20231023	13:04:35	54e9219c-0c06-4b8c-a5ae-e936ae180cef	GET	http://localhost:5173	/jobs
20231023	13:04:37	9a8a7940-d0ec-4151-9b10-837e49b63de0	GET	http://localhost:5173	/users/653405d368b5d7d489db1bbe
20231023	13:04:38	1979e975-c338-4177-9490-49f0fc43fc7a	GET	http://localhost:5173	/users/653405d368b5d7d489db1bbe
20231023	13:04:47	b9c35241-64d9-4087-b5ab-712602c28397	OPTIONS	http://localhost:5173	/users/653405d368b5d7d489db1bbe
20231023	13:04:47	98834b87-0e48-480a-81f2-418d2b276c49	OPTIONS	http://localhost:5173	/users/653405d368b5d7d489db1bbe
20231023	13:04:47	a7cdac45-b9fe-4a30-924e-4d2aff81f345	GET	http://localhost:5173	/users/653405d368b5d7d489db1bbe
20231023	13:04:48	60834afb-b2ad-4c16-aaf7-bde93b961e26	GET	http://localhost:5173	/users/653405d368b5d7d489db1bbe
20231023	13:04:52	caabbdf0-8c36-4d21-aacc-ada44a69d0af	OPTIONS	http://localhost:5173	/users/653405d368b5d7d489db1bbe
20231023	13:04:52	a905b219-94b8-432f-a6e4-65d505eda9c6	OPTIONS	http://localhost:5173	/users/653405d368b5d7d489db1bbe
20231023	13:04:52	089b4271-f5c9-4363-9b52-cdfa35b83c9f	GET	http://localhost:5173	/users/653405d368b5d7d489db1bbe
20231023	13:04:53	ed789810-abc0-4290-95c4-11181395c92d	GET	http://localhost:5173	/users/653405d368b5d7d489db1bbe
20231023	13:05:05	9e83fee5-e79a-4ffe-b98d-72b7ab26b30a	OPTIONS	http://localhost:5173	/users/653405d368b5d7d489db1bbe
20231023	13:05:05	8f05907f-aa4e-4f8a-ab95-72a7cbd341e0	OPTIONS	http://localhost:5173	/users/653405d368b5d7d489db1bbe
20231023	13:05:05	943ba953-84c9-4ecd-aa16-5d6a90bb6cf6	GET	http://localhost:5173	/users/653405d368b5d7d489db1bbe
20231023	13:05:05	f3a03ea7-57fa-4357-9f8c-7f085558becd	GET	http://localhost:5173	/users/653405d368b5d7d489db1bbe
20231023	13:05:10	ff07f29a-58a3-4a2f-9caa-5544c65a9742	GET	http://localhost:5173	/servicespublic/services-with-users
20231023	13:05:11	206e12c0-57a4-4596-99b2-ca72a4a153a7	GET	http://localhost:5173	/servicespublic/services-with-users
20231023	13:05:11	bffce313-fbe2-4234-8dae-e8954602271f	GET	undefined	/uploads/services/1697908469747-416943923.jpg
20231023	13:05:11	f73a4db0-c750-4060-8e9d-8bdfec2216d8	GET	undefined	/uploads/services/1697908612828-224155953.jpg
20231023	13:05:11	86bdf70f-1076-4d72-a324-67ac92b73d6c	GET	undefined	/uploads/services/1697930040669-243278798.jpg
20231023	13:05:11	4275fe65-8cc2-40fe-8816-20bdb5500f23	GET	undefined	/uploads/services/1697930268305-305433293.jpg
20231023	13:05:11	dbb4d5f3-6492-4fc2-aa03-b288466ac5d1	GET	undefined	/uploads/services/1697973112592-585715094.jpg
20231023	13:05:11	64d6b7b8-8e7e-4a37-84bb-57fc150ebbaf	GET	undefined	/uploads/services/1697973211724-993829121.jpg
20231023	13:05:14	53174473-c7a9-473b-b4c9-7593f608c45f	OPTIONS	http://localhost:5173	/users/653405d368b5d7d489db1bbe
20231023	13:05:14	84424a22-edb6-4049-8350-9089d70aa9ee	OPTIONS	http://localhost:5173	/users/653405d368b5d7d489db1bbe
20231023	13:05:14	19d5729b-e61e-48a4-809f-bdda380a2195	GET	http://localhost:5173	/users/653405d368b5d7d489db1bbe
20231023	13:05:14	5a240379-83ea-4e6d-8b8d-faf520c6e72a	GET	http://localhost:5173	/users/653405d368b5d7d489db1bbe
20231023	13:05:42	7b52a444-836e-411a-bd83-a326f7cdad17	OPTIONS	http://localhost:5173	/users/653405d368b5d7d489db1bbe
20231023	13:05:42	cf42b433-fbf1-4b62-bc33-5712082db8a8	GET	http://localhost:5173	/users/653405d368b5d7d489db1bbe
20231023	13:05:43	5eea10ef-5e18-4ddd-bc61-f6c7f9324bf2	GET	http://localhost:5173	/users/653405d368b5d7d489db1bbe
20231023	13:05:44	afd4c557-6079-462c-99b7-bdd5a60eae27	GET	http://localhost:5173	/users/653405d368b5d7d489db1bbe
20231023	13:05:45	352e01da-0528-46b1-b43e-f72e4b4062fe	GET	http://localhost:5173	/users/653405d368b5d7d489db1bbe
20231023	13:05:45	ad14fb58-9a20-4e34-8618-a3272750dc97	GET	http://localhost:5173	/users/653405d368b5d7d489db1bbe
20231023	13:05:46	13771cd3-16d4-44c5-b0b8-b1166bccc85f	GET	http://localhost:5173	/users/653405d368b5d7d489db1bbe
20231023	13:05:50	0d3eecf0-a4a9-4d08-9aa8-8493403894b3	OPTIONS	http://localhost:5173	/jobs
20231023	13:05:50	50075426-8923-40b6-8cfe-be999ddda287	OPTIONS	http://localhost:5173	/jobs
20231023	13:05:50	c780356b-ac47-48d0-95eb-bc1d4bc3a281	GET	http://localhost:5173	/jobs
20231023	13:05:50	09560bd0-6fd7-48a6-9f10-94b1cea10de0	GET	http://localhost:5173	/jobs
20231023	13:06:03	04ea2add-ffb3-4f4d-9322-dc8f73eb4c2b	OPTIONS	http://localhost:5173	/users/653405d368b5d7d489db1bbe
20231023	13:06:03	5dd948dc-cadf-4881-8fca-e75db7ccdd74	OPTIONS	http://localhost:5173	/users/653405d368b5d7d489db1bbe
20231023	13:06:03	ec0e3fad-22ab-409b-aaf8-507e02065167	GET	http://localhost:5173	/users/653405d368b5d7d489db1bbe
20231023	13:06:04	35df908c-ff98-464d-83f6-c3aee63eb369	GET	http://localhost:5173	/users/653405d368b5d7d489db1bbe
20231023	13:06:09	615100cb-d376-458d-84c9-ad45b9ed1948	OPTIONS	http://localhost:5173	/users/653405d368b5d7d489db1bbe
20231023	13:06:09	7aa7277d-7bf8-4b02-ad07-0ff5db4c7a3b	OPTIONS	http://localhost:5173	/users/653405d368b5d7d489db1bbe
20231023	13:06:09	39e9735c-ff00-4f67-b9c0-02ddf3f4d96b	GET	http://localhost:5173	/users/653405d368b5d7d489db1bbe
20231023	13:06:10	04648620-1915-4db5-ba9c-ff0ffb8d0e45	GET	http://localhost:5173	/users/653405d368b5d7d489db1bbe
20231023	13:56:08	eda2d7d8-ebf1-4a68-bfa4-bb6761a2e4e5	OPTIONS	http://localhost:5173	/users/653405d368b5d7d489db1bbe
20231023	13:56:08	32214c37-2657-4e0c-9e04-69c132490f37	GET	http://localhost:5173	/users/653405d368b5d7d489db1bbe
20231023	13:58:03	edf0cf0c-be75-4b5e-b70e-6883c547fc32	GET	http://localhost:5173	/servicespublic/services-with-users
20231023	13:58:04	5d0e000f-2d9c-4cbd-88a1-d81aa5b21cf1	GET	http://localhost:5173	/servicespublic/services-with-users
20231023	13:58:04	b94de95c-ef2b-4fe5-ace0-ec10930c16f1	GET	undefined	/uploads/services/1697908612828-224155953.jpg
20231023	13:58:04	f149b93b-65ec-42d6-a058-295bc552736a	GET	undefined	/uploads/services/1697930040669-243278798.jpg
20231023	13:58:04	c6a237c6-96c3-4988-b551-511294c6a0b8	GET	undefined	/uploads/services/1697930268305-305433293.jpg
20231023	13:58:04	223bf9bb-98b0-418c-b588-b1732f5aa8bb	GET	undefined	/uploads/services/1697908469747-416943923.jpg
20231023	13:58:04	93efb862-afe1-4ddc-9a71-9b95a969e074	GET	undefined	/uploads/services/1697973112592-585715094.jpg
20231023	13:58:04	a496abaa-282c-4d2a-b362-4bf1a565fd1d	GET	undefined	/uploads/services/1697973211724-993829121.jpg
20231023	13:58:16	3f948756-d4b6-4821-86cd-00b08005db24	GET	http://localhost:5173	/servicespublic/services-with-users
20231023	13:58:16	ae4401a4-c274-4d07-8f15-41a55b5d755f	OPTIONS	http://localhost:5173	/users/653405d368b5d7d489db1bbe
20231023	13:58:16	be8255f8-703f-4389-86ef-2cedd13eeaa8	OPTIONS	http://localhost:5173	/users/653405d368b5d7d489db1bbe
20231023	13:58:16	f9af9f22-dc0d-4cd0-ba8e-3c56b395ce0a	GET	http://localhost:5173	/users/653405d368b5d7d489db1bbe
20231023	13:58:16	71e7211d-84d4-4ca1-8715-2c125a7c6d18	GET	http://localhost:5173	/users/653405d368b5d7d489db1bbe
20231023	13:58:16	03dcc3e0-b9a4-422a-8346-57e192f8a515	GET	http://localhost:5173	/servicespublic/services-with-users
20231023	13:58:16	2c031159-9421-4fc6-828c-2d60a38a58e7	GET	undefined	/uploads/services/1697908469747-416943923.jpg
20231023	13:58:16	f0a37c20-8463-4cca-a299-73e24f8e3d16	GET	undefined	/uploads/services/1697930040669-243278798.jpg
20231023	13:58:16	2c8a3e14-6097-4f85-9cc4-45932a7074ec	GET	undefined	/uploads/services/1697930268305-305433293.jpg
20231023	13:58:16	6a2f5185-ef23-4b70-93d9-1fab71ae3b42	GET	undefined	/uploads/services/1697973112592-585715094.jpg
20231023	13:58:16	9a7876de-a309-47c9-9164-d058c0d560da	GET	undefined	/uploads/services/1697908612828-224155953.jpg
20231023	13:58:16	371f6b48-34b4-4c96-9697-42314756155b	GET	undefined	/uploads/services/1697973211724-993829121.jpg
20231023	13:58:18	68e2599f-8380-4543-a50e-36bda85c6589	GET	http://localhost:5173	/servicespublic/services-with-users
20231023	13:58:18	52291129-a823-4eed-8246-80dc8cb86bf5	GET	http://localhost:5173	/users/653405d368b5d7d489db1bbe
20231023	13:58:18	6d300302-83c1-4a93-88a4-c42d95399624	GET	http://localhost:5173	/users/653405d368b5d7d489db1bbe
20231023	13:58:19	c38351a6-3c30-412a-8977-fc9702024c95	GET	http://localhost:5173	/servicespublic/services-with-users
20231023	13:58:19	af5ca0d3-12ae-4f25-b03d-e76c097def3e	GET	undefined	/uploads/services/1697908469747-416943923.jpg
20231023	13:58:19	ea8a7564-c609-4a87-9f3b-8b27ed3b67dc	GET	undefined	/uploads/services/1697908612828-224155953.jpg
20231023	13:58:19	6f79c3ae-21fb-48c2-a07a-0cb7f6e1c4b3	GET	undefined	/uploads/services/1697930040669-243278798.jpg
20231023	13:58:19	d389ed9c-63a4-4d84-9eaf-638e2a71b762	GET	undefined	/uploads/services/1697930268305-305433293.jpg
20231023	13:58:19	d5df3879-42a8-40ee-8a1f-0de9e53d3d2b	GET	undefined	/uploads/services/1697973112592-585715094.jpg
20231023	13:58:19	2e9687d2-1ba8-4ba0-bb99-70d1083e92e3	GET	undefined	/uploads/services/1697973211724-993829121.jpg
20231023	14:09:01	0a2e36eb-40ba-474f-ab4b-d75af95032eb	GET	http://localhost:5173	/servicespublic/services-with-users
20231023	14:09:01	74f04e7c-554b-4191-8165-ad7ea106bcae	GET	http://localhost:5173	/servicespublic/services-with-users
20231023	14:09:59	f14236c8-7d13-4158-86fd-2e440c55241c	GET	http://localhost:5173	/servicespublic/services-with-users
20231023	14:09:59	ee70aa66-57c7-4eb8-bcc1-aef075dcd06d	GET	http://localhost:5173	/servicespublic/services-with-users
20231023	14:10:02	c62b53fc-cc0a-4005-ba92-76d32c41778a	GET	http://localhost:5173	/servicespublic/services-with-users
20231023	14:10:02	0d321544-36c4-43ab-aad2-99e91beed710	GET	http://localhost:5173	/servicespublic/services-with-users
20231023	14:10:12	163d61b1-584b-4f11-8ed5-7184a282e076	GET	http://localhost:5173	/servicespublic/services-with-users
20231023	14:10:12	9110a205-db2a-440c-94b9-f38035a0761d	OPTIONS	http://localhost:5173	/users/653405d368b5d7d489db1bbe
20231023	14:10:12	abad68ee-a758-4bd5-90a8-e7bfa82225ce	OPTIONS	http://localhost:5173	/users/653405d368b5d7d489db1bbe
20231023	14:10:12	20de281d-a556-468c-bc0a-4e48403cb7fb	GET	http://localhost:5173	/users/653405d368b5d7d489db1bbe
20231023	14:10:12	c37933c3-7faf-436a-8d0b-f414908332c6	GET	http://localhost:5173	/users/653405d368b5d7d489db1bbe
20231023	14:10:12	206b33a2-0879-4ea6-9e70-3e85368512dc	GET	http://localhost:5173	/servicespublic/services-with-users
20231023	14:10:12	37098b93-bd53-4083-8c56-4930a7648705	GET	undefined	/uploads/services/1697908469747-416943923.jpg
20231023	14:10:12	156b924f-b838-46a2-bf86-472fbe82b3f8	GET	undefined	/uploads/services/1697908612828-224155953.jpg
20231023	14:10:12	a7b57398-47f0-4caf-9f69-49a157da1fa9	GET	undefined	/uploads/services/1697930040669-243278798.jpg
20231023	14:10:12	670418aa-6882-42cf-b379-201be4d5fe45	GET	undefined	/uploads/services/1697930268305-305433293.jpg
20231023	14:10:12	53f1f6f6-851b-4657-921c-d34dda8214bb	GET	undefined	/uploads/services/1697973112592-585715094.jpg
20231023	14:10:12	f3df12b4-cea4-4276-8284-df1ef0817c67	GET	undefined	/uploads/services/1697973211724-993829121.jpg
20231023	14:11:02	7d442721-3ae2-4f1e-8e00-ae505b105336	GET	http://localhost:5173	/servicespublic/services-with-users
20231023	14:11:02	7ee6e12e-7199-4c63-abac-600bac7ee9b7	OPTIONS	http://localhost:5173	/users/653405d368b5d7d489db1bbe
20231023	14:11:02	7603f348-419e-4e06-a24c-53bdc565b1d0	OPTIONS	http://localhost:5173	/users/653405d368b5d7d489db1bbe
20231023	14:11:02	10d63b55-e8b3-483a-9e83-df9fc6b63243	GET	http://localhost:5173	/users/653405d368b5d7d489db1bbe
20231023	14:11:02	7915f10f-27cd-4296-9319-17cef0e0356d	GET	http://localhost:5173	/users/653405d368b5d7d489db1bbe
20231023	14:11:02	fa1f4570-809d-4abb-8818-b6ac6bac67e0	GET	http://localhost:5173	/servicespublic/services-with-users
20231023	14:11:02	1d0d53a0-ced5-4e87-a1f1-82ee754d7f74	GET	undefined	/uploads/services/1697908469747-416943923.jpg
20231023	14:11:02	7267b44c-8ca7-4ee9-b4b8-4bf5875d8d3e	GET	undefined	/uploads/services/1697908612828-224155953.jpg
20231023	14:11:02	e9124bb1-7194-40de-84cc-5d41aaf438e3	GET	undefined	/uploads/services/1697930040669-243278798.jpg
20231023	14:11:02	d2302d20-7ecc-48f1-a5b3-cbd8f3e0ac8f	GET	undefined	/uploads/services/1697930268305-305433293.jpg
20231023	14:11:02	d225fa98-29b5-42d7-8174-1e071eb62788	GET	undefined	/uploads/services/1697973211724-993829121.jpg
20231023	14:11:02	a71c5d4e-3446-4baf-8813-475d2df654fb	GET	undefined	/uploads/services/1697973112592-585715094.jpg
20231023	14:11:27	889bb806-72f8-44b5-a102-a4842f4787e0	GET	http://localhost:5173	/servicespublic/services-with-users
20231023	14:11:28	63566473-f112-44c9-98cc-1830d94ba82d	GET	http://localhost:5173	/servicespublic/services-with-users
20231023	14:11:28	6ba0e36a-2278-42cf-9db0-18a37f3011d4	GET	undefined	/uploads/services/1697908469747-416943923.jpg
20231023	14:11:28	cb8d4088-15b6-4440-92e7-64ced5b6d3cd	GET	undefined	/uploads/services/1697908612828-224155953.jpg
20231023	14:11:28	1dcccb3f-904b-43fb-8396-a2b405ba4d42	GET	undefined	/uploads/services/1697973211724-993829121.jpg
20231023	14:11:28	fb8aa70e-06f5-4462-915f-859fddc3da87	GET	undefined	/uploads/services/1697930040669-243278798.jpg
20231023	14:11:28	89f01468-d86f-4366-9b00-809feb2212a0	GET	undefined	/uploads/services/1697930268305-305433293.jpg
20231023	14:11:28	d7e1661e-2c07-442f-8e1f-df09050f8926	GET	undefined	/uploads/services/1697973112592-585715094.jpg
20231023	14:11:37	8bd7c8a3-d891-4aa6-be4a-54a1f616f4be	OPTIONS	http://localhost:5173	/login
20231023	14:11:37	90765f6c-dd63-4129-97d1-0973d949b93c	POST	http://localhost:5173	/login
20231023	14:11:37	6c39a167-6d6c-41a7-b78a-43263baa8c7a	OPTIONS	http://localhost:5173	/users/653405d368b5d7d489db1bbe
20231023	14:11:37	1e6936e8-83f5-4dc1-aea8-c4aa67f95f25	GET	http://localhost:5173	/users/653405d368b5d7d489db1bbe
20231023	14:12:42	a3d1e3db-bb51-45f2-b152-64ec5434eacb	OPTIONS	http://localhost:5173	/users/653405d368b5d7d489db1bbe
20231023	14:12:42	edd5cd7a-6dc9-4d0b-aeba-fb6d7ab3aab5	GET	http://localhost:5173	/users/653405d368b5d7d489db1bbe
20231023	14:12:51	ff91b67f-b742-4e40-8be3-571abd9ce41a	OPTIONS	http://localhost:5173	/users/653405d368b5d7d489db1bbe
20231023	14:12:51	0d7c15c5-6857-4bab-9842-97ef16722cd9	GET	http://localhost:5173	/users/653405d368b5d7d489db1bbe
20231023	14:13:00	2f8e1989-e94e-4796-9788-79f5e50be899	GET	http://localhost:5173	/servicespublic/services-with-users
20231023	14:13:00	9b1e223e-e228-4711-b70f-f8fa4b39c0bf	OPTIONS	http://localhost:5173	/users/653405d368b5d7d489db1bbe
20231023	14:13:00	7ecb3807-e653-45ed-8fd6-3515719751fb	OPTIONS	http://localhost:5173	/users/653405d368b5d7d489db1bbe
20231023	14:13:00	09946b15-1d0d-42be-801d-f6a7de648ba9	GET	http://localhost:5173	/users/653405d368b5d7d489db1bbe
20231023	14:13:01	3d074517-c860-423e-8776-99c38ed85828	GET	http://localhost:5173	/servicespublic/services-with-users
20231023	14:13:01	0740a8fb-756c-4876-885f-6e8dc39550e6	GET	undefined	/uploads/services/1697908469747-416943923.jpg
20231023	14:13:01	027bfe06-cfdb-4e87-b312-1fa71991171d	GET	undefined	/uploads/services/1697908612828-224155953.jpg
20231023	14:13:01	7732232c-c4c8-475e-be42-de96fff78c88	GET	undefined	/uploads/services/1697930040669-243278798.jpg
20231023	14:13:01	f383d1cc-f6a6-495a-8722-781cea0bcec3	GET	undefined	/uploads/services/1697930268305-305433293.jpg
20231023	14:13:01	066404d5-ddd8-4dc6-8eeb-8b6c7afa968b	GET	undefined	/uploads/services/1697973112592-585715094.jpg
20231023	14:13:01	873cf45c-c0e8-406c-ac0c-58b6aaac7d3e	GET	undefined	/uploads/services/1697973211724-993829121.jpg
20231023	14:13:01	a2d138c1-7bca-4b1c-b1bf-7f2894a6894f	GET	http://localhost:5173	/users/653405d368b5d7d489db1bbe
20231023	14:13:41	693b8cf6-1f54-411b-bf04-5a662717dd0d	OPTIONS	http://localhost:5173	/users/653405d368b5d7d489db1bbe
20231023	14:13:41	c1f0b32c-4d18-4537-b8da-397df6e8c504	GET	http://localhost:5173	/users/653405d368b5d7d489db1bbe
20231023	14:15:42	5c6e953d-cd29-448a-a8f8-82fe829df2ac	GET	http://localhost:5173	/servicespublic/services-with-users/65345b390653aaa2aa5a26b6
20231023	14:15:42	7c4282a3-e56a-4e17-bccc-e6867bad6c20	GET	http://localhost:5173	/servicespublic/services-with-users/65345b390653aaa2aa5a26b6
20231023	14:15:50	cfa4a5b4-5717-42e9-9b88-d0c5964d3b22	GET	http://localhost:5173	/servicespublic/services-with-users
20231023	14:15:51	7f8183d6-b8d6-45c6-9906-474463cb6ef0	GET	http://localhost:5173	/servicespublic/services-with-users
20231023	14:15:51	afc92f67-edb9-4bc0-9278-797c74f41899	GET	undefined	/uploads/services/1697908469747-416943923.jpg
20231023	14:15:51	faf69bca-3c15-4ad3-8be9-b0627f3cc2e1	GET	undefined	/uploads/services/1697908612828-224155953.jpg
20231023	14:15:51	341b7c0c-3703-4703-a411-4d1749b2987f	GET	undefined	/uploads/services/1697930268305-305433293.jpg
20231023	14:15:51	c8181677-26d0-45cb-be5c-a45189134618	GET	undefined	/uploads/services/1697973112592-585715094.jpg
20231023	14:15:51	75d38d2d-b54a-486c-86d9-7ef645b82fb8	GET	undefined	/uploads/services/1697973211724-993829121.jpg
20231023	14:21:27	192562a3-951f-4b14-9abe-74ca6929651e	OPTIONS	http://localhost:5173	/users/653405d368b5d7d489db1bbe
20231023	14:21:27	6e3ef2d3-0399-4ee0-8750-abc72568bad8	GET	http://localhost:5173	/users/653405d368b5d7d489db1bbe
20231023	14:21:36	c07e871d-c6ac-4820-8a97-94bc76c18ae4	OPTIONS	http://localhost:5173	/users/653405d368b5d7d489db1bbe
20231023	14:21:36	bee5f270-46f0-4c1e-8f9b-1c4ce956504a	GET	http://localhost:5173	/users/653405d368b5d7d489db1bbe
20231023	14:21:52	5e452e4e-8cd9-419c-8e2b-f5f1aced06bd	OPTIONS	http://localhost:5173	/users/653405d368b5d7d489db1bbe
20231023	14:21:52	11ba6be1-aaa7-40b6-affc-2920cc38fd10	GET	http://localhost:5173	/users/653405d368b5d7d489db1bbe
20231023	14:22:07	11a5d325-ef0c-415d-8729-b6292169eac5	OPTIONS	http://localhost:5173	/users/653405d368b5d7d489db1bbe
20231023	14:22:07	f9df5969-9da7-4181-af8f-d59ba8ea44ef	GET	http://localhost:5173	/users/653405d368b5d7d489db1bbe
20231023	14:22:59	396be195-9458-40a5-8920-cc9c10ff45c6	OPTIONS	http://localhost:5173	/users/653405d368b5d7d489db1bbe
20231023	14:22:59	ece5dd53-ffae-4643-bfe6-31d0f5936851	GET	http://localhost:5173	/users/653405d368b5d7d489db1bbe
20231023	14:23:10	81b2b4a8-6c48-4f20-a82c-81fc3d311cf6	OPTIONS	http://localhost:5173	/users/653405d368b5d7d489db1bbe
20231023	14:23:10	22119718-79bb-47be-8251-49d2f740445e	GET	http://localhost:5173	/users/653405d368b5d7d489db1bbe
20231023	14:23:41	c525b2af-2048-4a2d-8e4c-6b862a063b99	OPTIONS	http://localhost:5173	/users/653405d368b5d7d489db1bbe
20231023	14:23:41	913ea5f1-62b2-49a6-80d6-b5eaba267a0f	GET	http://localhost:5173	/users/653405d368b5d7d489db1bbe
20231023	14:24:02	ae82da13-17a0-44bf-ba3b-a230c5aaac37	OPTIONS	http://localhost:5173	/users/653405d368b5d7d489db1bbe
20231023	14:24:02	5a623256-b35c-488b-bb87-03c8c615267a	GET	http://localhost:5173	/users/653405d368b5d7d489db1bbe
20231023	14:24:12	ceace7de-afea-4d37-9f57-6742bf95b58b	OPTIONS	http://localhost:5173	/users/653405d368b5d7d489db1bbe
20231023	14:24:12	95b9964a-884a-456e-95ce-856134a0f465	GET	http://localhost:5173	/users/653405d368b5d7d489db1bbe
20231023	14:24:18	4263515e-97dc-441c-9e25-a5b665d2b314	OPTIONS	http://localhost:5173	/users/653405d368b5d7d489db1bbe
20231023	14:24:18	22f425fc-0785-427f-a4a8-745777f5f560	GET	http://localhost:5173	/users/653405d368b5d7d489db1bbe
20231023	14:24:29	64e4d537-59e7-4fd2-9ba4-873845a84e79	OPTIONS	http://localhost:5173	/users/653405d368b5d7d489db1bbe
20231023	14:24:29	25f49737-4bcc-45a0-aeb5-2f859942929a	GET	http://localhost:5173	/users/653405d368b5d7d489db1bbe
20231023	14:24:47	85db9c82-10c0-4498-97d9-160381c8f0cb	OPTIONS	http://localhost:5173	/users/653405d368b5d7d489db1bbe
20231023	14:24:47	e852f031-bc33-4ce6-9dc4-fdb89ed39555	GET	http://localhost:5173	/users/653405d368b5d7d489db1bbe
20231023	14:25:07	62cae4d9-3077-403c-8cf5-9c09726556f2	OPTIONS	http://localhost:5173	/users/653405d368b5d7d489db1bbe
20231023	14:25:07	58fcc3d2-9034-481f-a850-3f464ecbec7f	GET	http://localhost:5173	/users/653405d368b5d7d489db1bbe
20231023	14:25:34	caf15d89-058b-4b48-94bc-69707833a829	OPTIONS	http://localhost:5173	/users/653405d368b5d7d489db1bbe
20231023	14:25:34	ef254553-0e89-4bae-87c0-953d27da8c89	GET	http://localhost:5173	/users/653405d368b5d7d489db1bbe
20231023	14:25:55	856c51f9-de72-4a1f-b565-4de92e1a7e01	OPTIONS	http://localhost:5173	/users/653405d368b5d7d489db1bbe
20231023	14:25:55	a3b03545-ec00-4852-8057-176d5fa4c502	GET	http://localhost:5173	/users/653405d368b5d7d489db1bbe
20231023	14:26:16	d47a11df-c500-4ab5-878b-ce5091581a6c	OPTIONS	http://localhost:5173	/users/653405d368b5d7d489db1bbe
20231023	14:26:16	f548c13d-31fa-4576-bbc0-a141f64ee26f	GET	http://localhost:5173	/users/653405d368b5d7d489db1bbe
20231023	14:30:04	7b986180-23a9-43a6-91bb-53283a76d81c	OPTIONS	http://localhost:5173	/users/653405d368b5d7d489db1bbe
20231023	14:30:04	5494cf32-cd87-4a42-8b0b-f793b9230612	GET	http://localhost:5173	/users/653405d368b5d7d489db1bbe
20231023	14:30:04	9a545e52-fd49-4e60-b5a3-fff402e16cc4	GET	http://localhost:5173	/users/653405d368b5d7d489db1bbe
20231023	14:30:20	c7e2c737-8b93-4038-832b-1fb1ef4a4bb3	GET	http://localhost:5173	/servicespublic/services-with-users
20231023	14:30:20	eb238511-42b1-40a5-9b9c-33ce962c2dae	OPTIONS	http://localhost:5173	/users/653405d368b5d7d489db1bbe
20231023	14:30:20	ce17709b-d616-462d-a404-00c0092d5334	OPTIONS	http://localhost:5173	/users/653405d368b5d7d489db1bbe
20231023	14:30:20	59a48f7f-21c4-4968-8b3c-3659dc4132ee	GET	http://localhost:5173	/users/653405d368b5d7d489db1bbe
20231023	14:30:20	80b63296-ba09-486b-836e-1b13ea46af55	GET	http://localhost:5173	/servicespublic/services-with-users
20231023	14:30:20	b74cfd70-4f7e-48c5-a038-d90c21459106	GET	undefined	/uploads/services/1697930040669-243278798.jpg
20231023	14:30:20	0059de7e-13c2-42b2-8086-6dd994bb3cd3	GET	undefined	/uploads/services/1697908469747-416943923.jpg
20231023	14:30:20	57049804-e66d-42ae-a4a9-63591af7f238	GET	undefined	/uploads/services/1697908612828-224155953.jpg
20231023	14:30:20	70bf01ce-a7fb-4903-95d5-fe8c961120a7	GET	undefined	/uploads/services/1697930268305-305433293.jpg
20231023	14:30:20	6ee79d2a-e8d3-40e7-9795-0a68279ea8ae	GET	undefined	/uploads/services/1697973112592-585715094.jpg
20231023	14:30:20	46fe1752-7913-45d0-b398-cc98cda871d8	GET	undefined	/uploads/services/1697973211724-993829121.jpg
20231023	14:30:20	e8d6bc57-18d5-401d-b696-bb15317d5d3f	GET	http://localhost:5173	/users/653405d368b5d7d489db1bbe
20231023	14:30:28	5ccff97d-d90b-4036-8749-db4325f4b7a4	OPTIONS	http://localhost:5173	/users/653405d368b5d7d489db1bbe
20231023	14:30:28	6d73a384-5dce-4acf-8287-9cc096823a20	GET	http://localhost:5173	/users/653405d368b5d7d489db1bbe
20231023	14:35:14	6c9f75a3-0e4b-4940-b2ef-e95f3ce742de	OPTIONS	http://localhost:5173	/users/653405d368b5d7d489db1bbe
20231023	14:35:14	dc8c0174-c8d0-4461-ab5c-68a3c68bbb49	GET	http://localhost:5173	/users/653405d368b5d7d489db1bbe
20231023	14:35:16	9beb75b7-7ac5-4e64-9f1a-5d5d3b79ad5a	GET	http://localhost:5173	/servicespublic/services-with-users
20231023	14:35:16	53cd1e62-8097-49d5-81e7-a19c90453d57	GET	http://localhost:5173	/users/653405d368b5d7d489db1bbe
20231023	14:35:17	4940c337-8295-47af-ad20-9720948faaff	GET	http://localhost:5173	/servicespublic/services-with-users
20231023	14:35:17	ca01c17d-e1b1-4c07-9cd3-3f6c41a2ca43	GET	undefined	/uploads/services/1697908469747-416943923.jpg
20231023	14:35:17	263b652a-426f-49e0-bb16-8b636c0c57f6	GET	undefined	/uploads/services/1697908612828-224155953.jpg
20231023	14:35:17	e452a2f5-c14e-4e75-971f-5df3bc44bd05	GET	undefined	/uploads/services/1697930040669-243278798.jpg
20231023	14:35:17	41135405-e521-4118-99b8-d2462b9bef4f	GET	undefined	/uploads/services/1697930268305-305433293.jpg
20231023	14:35:17	ce7182c3-02d0-4116-a2c8-1477fe028116	GET	undefined	/uploads/services/1697973112592-585715094.jpg
20231023	14:35:17	2faea119-d099-4652-b1cd-683fc104f7e2	GET	undefined	/uploads/services/1697973211724-993829121.jpg
20231023	14:35:17	4d13f263-0edb-46a1-ac32-90ecdd98d5b9	GET	http://localhost:5173	/users/653405d368b5d7d489db1bbe
20231023	14:35:21	fce25f00-c24f-4456-b936-d6e004d7076c	OPTIONS	http://localhost:5173	/users/653405d368b5d7d489db1bbe
20231023	14:35:21	412fd826-1e9c-4352-ad35-c114828a2d37	OPTIONS	http://localhost:5173	/jobs
20231023	14:35:21	ce44c078-51ab-4f58-8134-ba0dd9d41b65	OPTIONS	http://localhost:5173	/jobs
20231023	14:35:21	7fd46550-c66d-4b08-954c-19bb4999050c	OPTIONS	http://localhost:5173	/users/653405d368b5d7d489db1bbe
20231023	14:35:21	08e3815d-9d78-48ef-9482-5f4d6b9b04d5	GET	http://localhost:5173	/users/653405d368b5d7d489db1bbe
20231023	14:35:21	b60c7f8f-e115-488a-8a3f-08c63646edf8	GET	http://localhost:5173	/jobs
20231023	14:35:21	2b4a12c7-fa03-4a15-aff2-b0628daa8a35	GET	http://localhost:5173	/users/653405d368b5d7d489db1bbe
20231023	14:35:21	054d6c32-a10b-4bc2-82d5-283de62bc59c	GET	http://localhost:5173	/jobs
20231023	14:35:35	c47766c3-beb1-4aa3-966d-722f1597e20f	OPTIONS	http://localhost:5173	/jobs
20231023	14:35:35	238ac303-2a7b-4ea8-9cbd-58c86b58464f	OPTIONS	http://localhost:5173	/jobs
20231023	14:35:35	8a3b04bd-7d58-4ced-ae98-cdc8ac14a111	GET	http://localhost:5173	/jobs
20231023	14:35:36	37f4e503-e5a0-4954-a40f-ea997f05c163	GET	http://localhost:5173	/jobs
20231023	14:36:41	9c5157cb-fbe9-46d9-a226-be8d2056c1a7	OPTIONS	http://localhost:5173	/users/653405d368b5d7d489db1bbe
20231023	14:36:41	b6eb5155-8992-43da-8b8b-6183f9caeb65	GET	http://localhost:5173	/users/653405d368b5d7d489db1bbe
20231023	14:37:08	353ce1f9-7fd9-4554-85dd-8f8bea8b61fd	OPTIONS	http://localhost:5173	/users/653405d368b5d7d489db1bbe
20231023	14:37:08	e6427a17-3fcd-4f4a-ad68-db0a7b6d47d7	GET	http://localhost:5173	/users/653405d368b5d7d489db1bbe
20231023	14:37:16	9cf94c6e-a9c4-4df7-98d6-6954d470a339	OPTIONS	http://localhost:5173	/jobs
20231023	14:37:16	fa29f88d-5217-40d3-9c06-d61023771314	OPTIONS	http://localhost:5173	/jobs
20231023	14:37:16	6e78bedc-5d39-40fc-9c2a-8fd8d7d9c626	GET	http://localhost:5173	/jobs
20231023	14:37:16	6d69f83f-b8d2-41ec-8fa5-b7ee5e6bb45a	GET	http://localhost:5173	/jobs
20231023	14:37:26	7d5f700a-b369-4fb5-8d99-13abd98d7578	OPTIONS	http://localhost:5173	/users/653405d368b5d7d489db1bbe
20231023	14:37:26	e0e8cf6b-2b6f-4f2b-b20a-b1b83d9aa722	GET	http://localhost:5173	/users/653405d368b5d7d489db1bbe
20231023	14:37:33	d2668420-6abf-40fa-b392-b65a7962ddba	OPTIONS	http://localhost:5173	/users/653405d368b5d7d489db1bbe
20231023	14:37:33	3c457960-bd88-41c4-9003-c02024c600a4	GET	http://localhost:5173	/users/653405d368b5d7d489db1bbe
20231023	14:37:53	6aee843d-3aa2-4be9-b57a-b9d719e78a05	OPTIONS	http://localhost:5173	/users/653405d368b5d7d489db1bbe
20231023	14:37:53	364fe098-cd2e-49fd-b870-6ce0d4946ece	GET	http://localhost:5173	/users/653405d368b5d7d489db1bbe
20231023	14:38:03	0a677948-cbdc-42da-b064-695a21a61162	OPTIONS	http://localhost:5173	/users/653405d368b5d7d489db1bbe
20231023	14:38:03	a9948a4c-141d-41bb-88fd-307b0fc1cf17	GET	http://localhost:5173	/users/653405d368b5d7d489db1bbe
20231023	14:38:14	6d2256c2-eabd-47d3-8e4d-732453678785	OPTIONS	http://localhost:5173	/users/653405d368b5d7d489db1bbe
20231023	14:38:14	98332efe-443a-45d4-b843-d9c7b7d66c34	GET	http://localhost:5173	/users/653405d368b5d7d489db1bbe
20231023	14:38:47	8a192fc1-6003-4980-baa6-1a393a9cd6cb	OPTIONS	http://localhost:5173	/users/653405d368b5d7d489db1bbe
20231023	14:38:47	c14e2bd2-6d39-468f-8820-6dc0bf043686	GET	http://localhost:5173	/users/653405d368b5d7d489db1bbe
20231023	14:38:49	1bb10df6-55f4-473d-a0e1-8934c32c2b27	OPTIONS	http://localhost:5173	/jobs
20231023	14:38:49	a82159c8-ae0e-4d21-866b-e1dae5c77a16	OPTIONS	http://localhost:5173	/jobs
20231023	14:38:49	97968c3b-3f91-49ae-aa4a-ee1313bc1d78	GET	http://localhost:5173	/jobs
20231023	14:38:49	1165906a-7c16-4bb3-af6c-650c30368dfc	GET	http://localhost:5173	/jobs
20231023	14:38:57	de80006d-cf39-4f2a-a9c1-fefee8111130	GET	http://localhost:5173	/servicespublic/services-with-users
20231023	14:38:57	72f940d6-03a5-4473-b0b4-bbdbe313d556	GET	http://localhost:5173	/servicespublic/services-with-users
20231023	14:38:57	a292eb68-6baf-448d-891e-f9ac800ff989	GET	undefined	/uploads/services/1697908469747-416943923.jpg
20231023	14:38:57	f2a55562-a4ac-4f91-b985-00f42e6f0b65	GET	undefined	/uploads/services/1697930040669-243278798.jpg
20231023	14:38:57	1a12cb93-70d0-48ac-b1b6-573a4ecbf930	GET	undefined	/uploads/services/1697930268305-305433293.jpg
20231023	14:38:57	0f1117b6-f94e-4688-a840-ee059005ee15	GET	undefined	/uploads/services/1697908612828-224155953.jpg
20231023	14:38:57	f4b47abb-6f94-4b65-9735-6b114182c587	GET	undefined	/uploads/services/1697973112592-585715094.jpg
20231023	14:38:57	fddd45dd-00a6-48aa-b2c5-463ae69ceb20	GET	undefined	/uploads/services/1697973211724-993829121.jpg
20231023	14:39:19	77628db0-e955-4689-95ff-4cd6f9c16306	OPTIONS	http://localhost:5173	/users/653405d368b5d7d489db1bbe
20231023	14:39:19	762689b2-b93c-4bcd-9d29-c2b1c88d0a6b	GET	http://localhost:5173	/users/653405d368b5d7d489db1bbe
20231023	14:39:36	f750822d-be8a-416f-86b4-8f7bce7baffc	OPTIONS	http://localhost:5173	/users/653405d368b5d7d489db1bbe
20231023	14:39:36	30602088-2887-4f4d-a9a1-6eec9cf3274e	GET	http://localhost:5173	/users/653405d368b5d7d489db1bbe
20231023	14:39:39	04057a7e-5049-495f-97c5-523237e63f7a	GET	http://localhost:5173	/users/653405d368b5d7d489db1bbe
20231023	14:39:39	88f653e7-9075-4a76-8816-07f2b6d12260	OPTIONS	http://localhost:5173	/jobs
20231023	14:39:39	f0025982-cf7f-469b-a457-863b529665b5	OPTIONS	http://localhost:5173	/jobs
20231023	14:39:39	4f83e6e9-9af0-4d8d-a81b-c26d1abbef61	GET	http://localhost:5173	/jobs
20231023	14:39:39	4b164d92-35af-4f77-9a1f-446d7682390c	GET	http://localhost:5173	/users/653405d368b5d7d489db1bbe
20231023	14:39:39	58b82c3b-f1dd-4277-a344-c63017056427	GET	http://localhost:5173	/jobs
20231023	14:40:11	fe17a6da-3a5f-4191-9ffd-0e047890fb03	GET	http://localhost:5173	/servicespublic/services-with-users
20231023	14:40:11	2f86365d-4a72-474b-b370-bea046aca815	GET	http://localhost:5173	/servicespublic/services-with-users
20231023	14:40:11	79ea0bfb-ada4-4a94-b779-4cd326588eb4	GET	undefined	/uploads/services/1697908469747-416943923.jpg
20231023	14:40:11	d7d177fb-4960-4ada-8964-47518b59e2ef	GET	undefined	/uploads/services/1697908612828-224155953.jpg
20231023	14:40:11	e25a0561-cddf-4271-a7a2-903bbffbfa26	GET	undefined	/uploads/services/1697930040669-243278798.jpg
20231023	14:40:11	18fb47b2-b6fd-4b56-898d-fb341357e35c	GET	undefined	/uploads/services/1697930268305-305433293.jpg
20231023	14:40:11	74ba3356-2c40-4d83-a176-6c782e5d9bca	GET	undefined	/uploads/services/1697973112592-585715094.jpg
20231023	14:40:11	07ba54e1-a848-4eea-8c98-927382f7befe	GET	undefined	/uploads/services/1697973211724-993829121.jpg
20231023	14:40:18	2828d079-da03-417c-a854-a0014f11e9aa	OPTIONS	http://localhost:5173	/login
20231023	14:40:18	433d696e-2d7f-4b4f-a5e3-ece9a0de5928	POST	http://localhost:5173	/login
20231023	14:40:18	f27cdb20-442d-4237-a12f-d8015823b843	OPTIONS	http://localhost:5173	/users/6534050168b5d7d489db1bbc
20231023	14:40:18	17fce498-a041-462a-bafa-1cf090a3b740	GET	http://localhost:5173	/users/6534050168b5d7d489db1bbc
20231023	14:40:23	56c44956-2e3a-4e31-897a-72ebc8c6ffe2	GET	http://localhost:5173	/users/6534050168b5d7d489db1bbc
20231023	14:40:23	d74fd672-ae2d-4612-a9ac-7dad870fbb79	GET	http://localhost:5173	/users/6534050168b5d7d489db1bbc
20231023	14:40:27	9ddf521c-bfcd-4ed6-9fd0-3c0f8290c9fb	OPTIONS	http://localhost:5173	/jobs
20231023	14:40:27	5cc1f9f4-90e5-46d3-b2d3-fbea9c5a7efe	OPTIONS	http://localhost:5173	/jobs
20231023	14:40:27	a37245d2-510c-4386-84d1-e99c268cb0c8	GET	http://localhost:5173	/jobs
20231023	14:40:27	b02d8896-660f-4886-a690-ab431088eb03	GET	http://localhost:5173	/jobs
